2025-11-28T15:47:48.761Z - OPTIONS /api/auth/login
2025-11-28T15:47:48.768Z - POST /api/auth/login
2025-11-28T15:48:44.911Z - OPTIONS /api/auth/login
2025-11-28T15:48:44.914Z - POST /api/auth/login
2025-11-28T15:48:52.735Z - OPTIONS /api/auth/login
2025-11-28T15:48:52.737Z - POST /api/auth/login
2025-11-28T15:50:51.905Z - OPTIONS /api/auth/login
2025-11-28T15:50:51.909Z - POST /api/auth/login
2025-11-28T15:51:06.889Z - OPTIONS /api/auth/login
2025-11-28T15:51:06.891Z - POST /api/auth/login
2025-11-28T15:51:16.700Z - OPTIONS /api/auth/login
2025-11-28T15:51:16.705Z - POST /api/auth/login
2025-11-28T15:51:21.009Z - POST /api/auth/login
2025-11-28T15:51:28.035Z - OPTIONS /api/auth/login
2025-11-28T15:51:28.036Z - POST /api/auth/login
2025-11-28T15:51:35.628Z - OPTIONS /api/auth/login
2025-11-28T15:51:35.629Z - POST /api/auth/login
2025-11-28T15:52:56.240Z - OPTIONS /api/auth/login
2025-11-28T15:52:56.241Z - POST /api/auth/login
2025-11-28T15:52:56.450Z - OPTIONS /api/auth/me
2025-11-28T15:52:56.453Z - GET /api/auth/me
2025-11-28T15:52:56.495Z - OPTIONS /api/posts
2025-11-28T15:52:56.497Z - OPTIONS /api/posts
2025-11-28T15:52:56.498Z - GET /api/posts
2025-11-28T15:52:56.577Z - GET /api/posts
2025-11-28T15:53:06.328Z - OPTIONS /api/reminders
2025-11-28T15:53:06.329Z - OPTIONS /api/reminders
2025-11-28T15:53:06.331Z - GET /api/reminders
2025-11-28T15:53:06.426Z - GET /api/reminders
2025-11-28T15:53:16.918Z - OPTIONS /api/detect
2025-11-28T15:53:16.929Z - POST /api/detect
2025-11-28T15:53:27.915Z - OPTIONS /api/posts/user/AdminUser
2025-11-28T15:53:27.923Z - OPTIONS /api/reminders
2025-11-28T15:53:27.926Z - OPTIONS /api/posts/user/AdminUser
2025-11-28T15:53:27.933Z - OPTIONS /api/reminders
2025-11-28T15:53:27.935Z - GET /api/posts/user/AdminUser
2025-11-28T15:53:27.943Z - GET /api/reminders
2025-11-28T15:53:28.011Z - GET /api/posts/user/AdminUser
2025-11-28T15:53:28.034Z - GET /api/reminders
2025-11-28T15:53:33.346Z - OPTIONS /api/reminders
2025-11-28T15:53:33.353Z - OPTIONS /api/reminders
2025-11-28T15:53:33.358Z - GET /api/reminders
2025-11-28T15:53:33.425Z - GET /api/reminders
2025-11-28T15:53:54.988Z - OPTIONS /api/posts
2025-11-28T15:53:54.991Z - OPTIONS /api/posts
2025-11-28T15:53:54.996Z - GET /api/posts
2025-11-28T15:53:55.056Z - GET /api/posts
2025-11-28T15:53:56.892Z - OPTIONS /api/posts/user/AdminUser
2025-11-28T15:53:56.899Z - OPTIONS /api/reminders
2025-11-28T15:53:56.906Z - OPTIONS /api/posts/user/AdminUser
2025-11-28T15:53:56.912Z - OPTIONS /api/reminders
2025-11-28T15:53:56.916Z - GET /api/posts/user/AdminUser
2025-11-28T15:53:56.923Z - GET /api/reminders
2025-11-28T15:53:56.989Z - GET /api/posts/user/AdminUser
2025-11-28T15:53:56.994Z - GET /api/reminders
2025-11-28T15:54:30.505Z - OPTIONS /api/auth/login
2025-11-28T15:54:30.510Z - POST /api/auth/login
2025-11-28T15:54:35.933Z - OPTIONS /api/auth/login
2025-11-28T15:54:35.936Z - POST /api/auth/login
2025-11-28T15:57:09.142Z - OPTIONS /api/auth/login
2025-11-28T15:57:09.147Z - POST /api/auth/login
2025-11-28T15:57:09.469Z - OPTIONS /api/auth/me
2025-11-28T15:57:09.502Z - OPTIONS /api/posts
2025-11-28T15:57:09.505Z - OPTIONS /api/posts
2025-11-28T15:57:09.510Z - GET /api/auth/me
2025-11-28T15:57:09.518Z - GET /api/posts
2025-11-28T15:57:09.582Z - GET /api/posts
2025-11-28T15:57:13.493Z - OPTIONS /api/reminders
2025-11-28T15:57:13.501Z - OPTIONS /api/reminders
2025-11-28T15:57:13.507Z - GET /api/reminders
2025-11-28T15:57:13.580Z - GET /api/reminders
2025-11-28T15:57:45.527Z - OPTIONS /api/reminders
2025-11-28T15:57:45.530Z - POST /api/reminders
2025-11-28T15:57:48.863Z - OPTIONS /api/reminders/6929c679ae94b9dbe8785508
2025-11-28T15:57:48.871Z - PUT /api/reminders/6929c679ae94b9dbe8785508
2025-11-28T15:57:50.079Z - PUT /api/reminders/6929c679ae94b9dbe8785508
2025-11-28T15:58:35.092Z - OPTIONS /api/reminders
2025-11-28T15:58:35.097Z - POST /api/reminders
2025-11-28T15:58:57.675Z - OPTIONS /api/reminders
2025-11-28T15:58:57.679Z - POST /api/reminders
2025-11-28T15:59:03.957Z - OPTIONS /api/posts
2025-11-28T15:59:03.965Z - OPTIONS /api/posts
2025-11-28T15:59:03.967Z - GET /api/posts
2025-11-28T15:59:04.031Z - GET /api/posts
2025-11-28T15:59:29.473Z - OPTIONS /api/posts
2025-11-28T15:59:29.482Z - POST /api/posts
2025-11-28T15:59:32.575Z - POST /api/posts
2025-11-28T15:59:33.238Z - POST /api/posts
2025-11-28T15:59:34.979Z - OPTIONS /api/posts
2025-11-28T15:59:34.991Z - POST /api/posts
2025-11-28T15:59:35.489Z - POST /api/posts
2025-11-28T15:59:35.649Z - POST /api/posts
2025-11-28T15:59:35.867Z - POST /api/posts
2025-11-28T15:59:37.211Z - POST /api/posts
2025-11-28T15:59:37.437Z - POST /api/posts
2025-11-28T15:59:39.217Z - POST /api/posts
2025-11-28T15:59:39.583Z - POST /api/posts
2025-11-28T15:59:39.804Z - POST /api/posts
