Auth request received: {"email":"finaluser@example.com","mobile":"","password":"password123","username":"FinalUser","type":"signup"}
Searching for user...
Auth request received: {"email":"finaluser@example.com","mobile":"","password":"password123password123","username":"FinalUser","type":"login"}
Searching for user...
Auth request received: {"email":"finaluser@example.com","mobile":"","password":"paasword123","username":"FinalUser","type":"login"}
Searching for user...
Auth request received: {"email":"admin123@gmail.com","mobile":"","password":"admin123","username":"","type":"login"}
Searching for user...
Auth request received: {"email":"admin123@gmail.com","mobile":"","password":"admin123","username":"admin123","type":"signup"}
Searching for user...
Auth request received: {"email":"admin123@gmail.com","mobile":"","password":"admin123","username":"TestUser2","type":"signup"}
Searching for user...
Auth request received: {"email":"admin123@gmail.com","mobile":"","password":"admin123","username":"admin","type":"signup"}
Searching for user...
Auth request received: {"email":"admin123@gmail.com","mobile":"","password":"admin123","username":"admin","type":"login"}
Searching for user...
Auth request received: {"email":"admin123@gmail.com","mobile":"","password":"admin123","username":"admin","type":"login"}
Searching for user...
Auth request received: {"email":"admin123@gmail.com","mobile":"","password":"admin123","username":"","type":"login"}
Searching for user...
Auth request received: {"email":"testuser1@gmail.com","mobile":"","password":"testuser1","username":"testuser1","type":"signup"}
Searching for user...
Auth request received: {"email":"testuser1@gmail.com","mobile":"","password":"testuser1","username":"Testuser1","type":"signup"}
Searching for user...
Auth request received: {"email":"test@gmail.com","mobile":"","password":"admin123","username":"test1","type":"signup"}
Searching for user...
New user created.
